<?xml version="1.0" encoding="UTF-8"?>
<!-- Generated by org.testng.reporters.JUnitReportReporter -->
<testsuite hostname="AbhijitSargar" name="com.qa.visionit_TestCase.LoginPageTest" tests="2" failures="0" timestamp="15 Jul 2019 11:09:21 GMT" time="32.886" errors="0">
  <testcase name="verifyLogintoFreeCrmProTest" time="20.521" classname="com.qa.visionit_TestCase.LoginPageTest"/>
  <testcase name="verifyLoginPageTitleTest" time="12.365" classname="com.qa.visionit_TestCase.LoginPageTest"/>
</testsuite> <!-- com.qa.visionit_TestCase.LoginPageTest -->
