<?xml version="1.0" encoding="UTF-8"?>
<!-- Generated by org.testng.reporters.JUnitReportReporter -->
<testsuite hostname="AbhijitSargar" name="CRMTest.TestPages.Contact_Page_Test" tests="1" failures="0" timestamp="25 Jun 2019 16:55:05 GMT" time="26.408" errors="0">
  <testcase name="verify_New_ContactPage" time="26.408" classname="CRMTest.TestPages.Contact_Page_Test"/>
</testsuite> <!-- CRMTest.TestPages.Contact_Page_Test -->
