<?xml version="1.0" encoding="UTF-8"?>
<!-- Generated by org.testng.reporters.JUnitReportReporter -->
<testsuite hostname="AbhijitSargar" name="CRMTest.TestPages.HomePage_Test" tests="3" failures="0" timestamp="24 Jun 2019 16:29:51 GMT" time="56.110" errors="0">
  <testcase name="navigateto_ContactPage_test" time="18.681" classname="CRMTest.TestPages.HomePage_Test"/>
  <testcase name="navigateto_Task_test" time="18.285" classname="CRMTest.TestPages.HomePage_Test"/>
  <testcase name="navigateto_deals_test" time="19.144" classname="CRMTest.TestPages.HomePage_Test"/>
</testsuite> <!-- CRMTest.TestPages.HomePage_Test -->
