<?xml version="1.0" encoding="UTF-8"?>
<!-- Generated by org.testng.reporters.JUnitReportReporter -->
<testsuite hostname="AbhijitSargar" name="CRMTest.TestPages.Login_Page_Test" tests="2" failures="0" timestamp="6 Jul 2019 09:26:08 GMT" time="35.435" errors="0">
  <testcase name="verifyLoginToFreeCRmProTest" time="20.684" classname="CRMTest.TestPages.Login_Page_Test"/>
  <testcase name="verify_LoginPAge_Title" time="14.751" classname="CRMTest.TestPages.Login_Page_Test"/>
</testsuite> <!-- CRMTest.TestPages.Login_Page_Test -->
