<?xml version="1.0" encoding="UTF-8"?>
<!-- Generated by org.testng.reporters.JUnitReportReporter -->
<testsuite hostname="AbhijitSargar" name="com.qa.FreeCRMPRO.VisionIT.TestCases.ContactPageTest" tests="1" failures="0" timestamp="24 Jun 2019 15:41:12 GMT" time="19.794" errors="0">
  <testcase name="verify_New_ContactPage" time="19.794" classname="com.qa.FreeCRMPRO.VisionIT.TestCases.ContactPageTest"/>
</testsuite> <!-- com.qa.FreeCRMPRO.VisionIT.TestCases.ContactPageTest -->
