<?xml version="1.0" encoding="UTF-8"?>
<!-- Generated by org.testng.reporters.JUnitReportReporter -->
<testsuite hostname="AbhijitSargar" name="com.qa.FreeCRMPRO.VisionIT.TestCases.LoginTest" tests="2" failures="0" timestamp="17 Jun 2019 06:46:21 GMT" time="28.807" errors="0">
  <testcase name="verifyLoginpage" time="17.815" classname="com.qa.FreeCRMPRO.VisionIT.TestCases.LoginTest"/>
  <testcase name="verifyLOginPageTitle" time="10.992" classname="com.qa.FreeCRMPRO.VisionIT.TestCases.LoginTest"/>
</testsuite> <!-- com.qa.FreeCRMPRO.VisionIT.TestCases.LoginTest -->
